<?xml version="1.0" encoding="UTF-8"?>
<testsuite xmlns:xsi="http://www.w3.org/2001/XMLSchema-instance" xsi:noNamespaceSchemaLocation="https://maven.apache.org/surefire/maven-surefire-plugin/xsd/surefire-test-report.xsd" name="org.apache.zookeeper.test.KeeperStateTest" time="0.2" tests="4" errors="0" skipped="0" failures="0">
  <properties>
    <property name="build.test.dir" value="/Users/dylan/IdeaProjects/openSource/zookeeper-vip2/zookeeper-server/target/surefire"/>
    <property name="gopherProxySet" value="false"/>
    <property name="awt.toolkit" value="sun.lwawt.macosx.LWCToolkit"/>
    <property name="file.encoding.pkg" value="sun.io"/>
    <property name="java.specification.version" value="1.8"/>
    <property name="sun.cpu.isalist" value=""/>
    <property name="sun.jnu.encoding" value="UTF-8"/>
    <property name="java.class.path" value="/Users/dylan/IdeaProjects/openSource/zookeeper-vip2/zookeeper-server/target/test-classes:/Users/dylan/IdeaProjects/openSource/zookeeper-vip2/zookeeper-server/target/classes:/Users/dylan/environment/repo/com/github/spotbugs/spotbugs-annotations/3.1.9/spotbugs-annotations-3.1.9.jar:/Users/dylan/environment/repo/com/google/code/findbugs/jsr305/3.0.2/jsr305-3.0.2.jar:/Users/dylan/environment/repo/org/hamcrest/hamcrest-all/1.3/hamcrest-all-1.3.jar:/Users/dylan/environment/repo/commons-collections/commons-collections/3.2.2/commons-collections-3.2.2.jar:/Users/dylan/environment/repo/commons-lang/commons-lang/2.6/commons-lang-2.6.jar:/Users/dylan/IdeaProjects/openSource/zookeeper-vip2/zookeeper-jute/target/zookeeper-jute-3.6.1-SNAPSHOT.jar:/Users/dylan/environment/repo/commons-cli/commons-cli/1.2/commons-cli-1.2.jar:/Users/dylan/environment/repo/org/apache/yetus/audience-annotations/0.5.0/audience-annotations-0.5.0.jar:/Users/dylan/environment/repo/io/netty/netty-handler/4.1.45.Final/netty-handler-4.1.45.Final.jar:/Users/dylan/environment/repo/io/netty/netty-common/4.1.45.Final/netty-common-4.1.45.Final.jar:/Users/dylan/environment/repo/io/netty/netty-buffer/4.1.45.Final/netty-buffer-4.1.45.Final.jar:/Users/dylan/environment/repo/io/netty/netty-transport/4.1.45.Final/netty-transport-4.1.45.Final.jar:/Users/dylan/environment/repo/io/netty/netty-resolver/4.1.45.Final/netty-resolver-4.1.45.Final.jar:/Users/dylan/environment/repo/io/netty/netty-codec/4.1.45.Final/netty-codec-4.1.45.Final.jar:/Users/dylan/environment/repo/io/netty/netty-transport-native-epoll/4.1.45.Final/netty-transport-native-epoll-4.1.45.Final.jar:/Users/dylan/environment/repo/io/netty/netty-transport-native-unix-common/4.1.45.Final/netty-transport-native-unix-common-4.1.45.Final.jar:/Users/dylan/environment/repo/org/slf4j/slf4j-api/1.7.25/slf4j-api-1.7.25.jar:/Users/dylan/environment/repo/org/slf4j/slf4j-log4j12/1.7.25/slf4j-log4j12-1.7.25.jar:/Users/dylan/environment/repo/org/eclipse/jetty/jetty-server/9.4.24.v20191120/jetty-server-9.4.24.v20191120.jar:/Users/dylan/environment/repo/javax/servlet/javax.servlet-api/3.1.0/javax.servlet-api-3.1.0.jar:/Users/dylan/environment/repo/org/eclipse/jetty/jetty-http/9.4.24.v20191120/jetty-http-9.4.24.v20191120.jar:/Users/dylan/environment/repo/org/eclipse/jetty/jetty-util/9.4.24.v20191120/jetty-util-9.4.24.v20191120.jar:/Users/dylan/environment/repo/org/eclipse/jetty/jetty-io/9.4.24.v20191120/jetty-io-9.4.24.v20191120.jar:/Users/dylan/environment/repo/org/eclipse/jetty/jetty-servlet/9.4.24.v20191120/jetty-servlet-9.4.24.v20191120.jar:/Users/dylan/environment/repo/org/eclipse/jetty/jetty-security/9.4.24.v20191120/jetty-security-9.4.24.v20191120.jar:/Users/dylan/environment/repo/com/fasterxml/jackson/core/jackson-databind/2.10.3/jackson-databind-2.10.3.jar:/Users/dylan/environment/repo/com/fasterxml/jackson/core/jackson-annotations/2.10.3/jackson-annotations-2.10.3.jar:/Users/dylan/environment/repo/com/fasterxml/jackson/core/jackson-core/2.10.3/jackson-core-2.10.3.jar:/Users/dylan/environment/repo/com/googlecode/json-simple/json-simple/1.1.1/json-simple-1.1.1.jar:/Users/dylan/environment/repo/org/bouncycastle/bcprov-jdk15on/1.60/bcprov-jdk15on-1.60.jar:/Users/dylan/environment/repo/org/bouncycastle/bcpkix-jdk15on/1.60/bcpkix-jdk15on-1.60.jar:/Users/dylan/environment/repo/jline/jline/2.11/jline-2.11.jar:/Users/dylan/environment/repo/io/dropwizard/metrics/metrics-core/3.2.5/metrics-core-3.2.5.jar:/Users/dylan/environment/repo/log4j/log4j/1.2.17/log4j-1.2.17.jar:/Users/dylan/environment/repo/org/apache/kerby/kerb-core/2.0.0/kerb-core-2.0.0.jar:/Users/dylan/environment/repo/org/apache/kerby/kerby-pkix/2.0.0/kerby-pkix-2.0.0.jar:/Users/dylan/environment/repo/org/apache/kerby/kerby-asn1/2.0.0/kerby-asn1-2.0.0.jar:/Users/dylan/environment/repo/org/apache/kerby/kerby-util/2.0.0/kerby-util-2.0.0.jar:/Users/dylan/environment/repo/org/apache/kerby/kerb-simplekdc/2.0.0/kerb-simplekdc-2.0.0.jar:/Users/dylan/environment/repo/org/apache/kerby/kerb-client/2.0.0/kerb-client-2.0.0.jar:/Users/dylan/environment/repo/org/apache/kerby/kerb-common/2.0.0/kerb-common-2.0.0.jar:/Users/dylan/environment/repo/org/apache/kerby/kerb-crypto/2.0.0/kerb-crypto-2.0.0.jar:/Users/dylan/environment/repo/commons-io/commons-io/2.6/commons-io-2.6.jar:/Users/dylan/environment/repo/org/apache/kerby/kerb-util/2.0.0/kerb-util-2.0.0.jar:/Users/dylan/environment/repo/org/apache/kerby/token-provider/2.0.0/token-provider-2.0.0.jar:/Users/dylan/environment/repo/com/nimbusds/nimbus-jose-jwt/4.41.2/nimbus-jose-jwt-4.41.2.jar:/Users/dylan/environment/repo/com/github/stephenc/jcip/jcip-annotations/1.0-1/jcip-annotations-1.0-1.jar:/Users/dylan/environment/repo/net/minidev/json-smart/2.3/json-smart-2.3.jar:/Users/dylan/environment/repo/net/minidev/accessors-smart/1.2/accessors-smart-1.2.jar:/Users/dylan/environment/repo/org/ow2/asm/asm/5.0.4/asm-5.0.4.jar:/Users/dylan/environment/repo/org/apache/kerby/kerb-admin/2.0.0/kerb-admin-2.0.0.jar:/Users/dylan/environment/repo/org/apache/kerby/kerb-server/2.0.0/kerb-server-2.0.0.jar:/Users/dylan/environment/repo/org/apache/kerby/kerb-identity/2.0.0/kerb-identity-2.0.0.jar:/Users/dylan/environment/repo/org/apache/kerby/kerby-xdr/2.0.0/kerby-xdr-2.0.0.jar:/Users/dylan/environment/repo/org/apache/kerby/kerby-config/2.0.0/kerby-config-2.0.0.jar:/Users/dylan/environment/repo/org/mockito/mockito-core/2.27.0/mockito-core-2.27.0.jar:/Users/dylan/environment/repo/net/bytebuddy/byte-buddy/1.9.10/byte-buddy-1.9.10.jar:/Users/dylan/environment/repo/net/bytebuddy/byte-buddy-agent/1.9.10/byte-buddy-agent-1.9.10.jar:/Users/dylan/environment/repo/org/objenesis/objenesis/2.6/objenesis-2.6.jar:/Users/dylan/environment/repo/org/jmockit/jmockit/1.48/jmockit-1.48.jar:/Users/dylan/environment/repo/junit/junit/4.12/junit-4.12.jar:/Users/dylan/environment/repo/org/hamcrest/hamcrest-core/1.3/hamcrest-core-1.3.jar:/Users/dylan/environment/repo/org/xerial/snappy/snappy-java/1.1.7/snappy-java-1.1.7.jar:"/>
    <property name="java.vm.vendor" value="Oracle Corporation"/>
    <property name="sun.arch.data.model" value="64"/>
    <property name="java.vendor.url" value="http://java.oracle.com/"/>
    <property name="user.timezone" value=""/>
    <property name="java.vm.specification.version" value="1.8"/>
    <property name="os.name" value="Mac OS X"/>
    <property name="user.country" value="CN"/>
    <property name="sun.java.launcher" value="SUN_STANDARD"/>
    <property name="sun.boot.library.path" value="/Library/Java/JavaVirtualMachines/jdk8.jdk/Contents/Home/jre/lib"/>
    <property name="sun.java.command" value="/Users/dylan/IdeaProjects/openSource/zookeeper-vip2/zookeeper-server/target/surefire/surefirebooter4711608045780421019.jar /Users/dylan/IdeaProjects/openSource/zookeeper-vip2/zookeeper-server/target/surefire 2020-06-13T22-54-29_606-jvmRun4 surefire8022301413775896933tmp surefire_284667286269913618657tmp"/>
    <property name="surefire.test.class.path" value="/Users/dylan/IdeaProjects/openSource/zookeeper-vip2/zookeeper-server/target/test-classes:/Users/dylan/IdeaProjects/openSource/zookeeper-vip2/zookeeper-server/target/classes:/Users/dylan/environment/repo/com/github/spotbugs/spotbugs-annotations/3.1.9/spotbugs-annotations-3.1.9.jar:/Users/dylan/environment/repo/com/google/code/findbugs/jsr305/3.0.2/jsr305-3.0.2.jar:/Users/dylan/environment/repo/org/hamcrest/hamcrest-all/1.3/hamcrest-all-1.3.jar:/Users/dylan/environment/repo/commons-collections/commons-collections/3.2.2/commons-collections-3.2.2.jar:/Users/dylan/environment/repo/commons-lang/commons-lang/2.6/commons-lang-2.6.jar:/Users/dylan/IdeaProjects/openSource/zookeeper-vip2/zookeeper-jute/target/zookeeper-jute-3.6.1-SNAPSHOT.jar:/Users/dylan/environment/repo/commons-cli/commons-cli/1.2/commons-cli-1.2.jar:/Users/dylan/environment/repo/org/apache/yetus/audience-annotations/0.5.0/audience-annotations-0.5.0.jar:/Users/dylan/environment/repo/io/netty/netty-handler/4.1.45.Final/netty-handler-4.1.45.Final.jar:/Users/dylan/environment/repo/io/netty/netty-common/4.1.45.Final/netty-common-4.1.45.Final.jar:/Users/dylan/environment/repo/io/netty/netty-buffer/4.1.45.Final/netty-buffer-4.1.45.Final.jar:/Users/dylan/environment/repo/io/netty/netty-transport/4.1.45.Final/netty-transport-4.1.45.Final.jar:/Users/dylan/environment/repo/io/netty/netty-resolver/4.1.45.Final/netty-resolver-4.1.45.Final.jar:/Users/dylan/environment/repo/io/netty/netty-codec/4.1.45.Final/netty-codec-4.1.45.Final.jar:/Users/dylan/environment/repo/io/netty/netty-transport-native-epoll/4.1.45.Final/netty-transport-native-epoll-4.1.45.Final.jar:/Users/dylan/environment/repo/io/netty/netty-transport-native-unix-common/4.1.45.Final/netty-transport-native-unix-common-4.1.45.Final.jar:/Users/dylan/environment/repo/org/slf4j/slf4j-api/1.7.25/slf4j-api-1.7.25.jar:/Users/dylan/environment/repo/org/slf4j/slf4j-log4j12/1.7.25/slf4j-log4j12-1.7.25.jar:/Users/dylan/environment/repo/org/eclipse/jetty/jetty-server/9.4.24.v20191120/jetty-server-9.4.24.v20191120.jar:/Users/dylan/environment/repo/javax/servlet/javax.servlet-api/3.1.0/javax.servlet-api-3.1.0.jar:/Users/dylan/environment/repo/org/eclipse/jetty/jetty-http/9.4.24.v20191120/jetty-http-9.4.24.v20191120.jar:/Users/dylan/environment/repo/org/eclipse/jetty/jetty-util/9.4.24.v20191120/jetty-util-9.4.24.v20191120.jar:/Users/dylan/environment/repo/org/eclipse/jetty/jetty-io/9.4.24.v20191120/jetty-io-9.4.24.v20191120.jar:/Users/dylan/environment/repo/org/eclipse/jetty/jetty-servlet/9.4.24.v20191120/jetty-servlet-9.4.24.v20191120.jar:/Users/dylan/environment/repo/org/eclipse/jetty/jetty-security/9.4.24.v20191120/jetty-security-9.4.24.v20191120.jar:/Users/dylan/environment/repo/com/fasterxml/jackson/core/jackson-databind/2.10.3/jackson-databind-2.10.3.jar:/Users/dylan/environment/repo/com/fasterxml/jackson/core/jackson-annotations/2.10.3/jackson-annotations-2.10.3.jar:/Users/dylan/environment/repo/com/fasterxml/jackson/core/jackson-core/2.10.3/jackson-core-2.10.3.jar:/Users/dylan/environment/repo/com/googlecode/json-simple/json-simple/1.1.1/json-simple-1.1.1.jar:/Users/dylan/environment/repo/org/bouncycastle/bcprov-jdk15on/1.60/bcprov-jdk15on-1.60.jar:/Users/dylan/environment/repo/org/bouncycastle/bcpkix-jdk15on/1.60/bcpkix-jdk15on-1.60.jar:/Users/dylan/environment/repo/jline/jline/2.11/jline-2.11.jar:/Users/dylan/environment/repo/io/dropwizard/metrics/metrics-core/3.2.5/metrics-core-3.2.5.jar:/Users/dylan/environment/repo/log4j/log4j/1.2.17/log4j-1.2.17.jar:/Users/dylan/environment/repo/org/apache/kerby/kerb-core/2.0.0/kerb-core-2.0.0.jar:/Users/dylan/environment/repo/org/apache/kerby/kerby-pkix/2.0.0/kerby-pkix-2.0.0.jar:/Users/dylan/environment/repo/org/apache/kerby/kerby-asn1/2.0.0/kerby-asn1-2.0.0.jar:/Users/dylan/environment/repo/org/apache/kerby/kerby-util/2.0.0/kerby-util-2.0.0.jar:/Users/dylan/environment/repo/org/apache/kerby/kerb-simplekdc/2.0.0/kerb-simplekdc-2.0.0.jar:/Users/dylan/environment/repo/org/apache/kerby/kerb-client/2.0.0/kerb-client-2.0.0.jar:/Users/dylan/environment/repo/org/apache/kerby/kerb-common/2.0.0/kerb-common-2.0.0.jar:/Users/dylan/environment/repo/org/apache/kerby/kerb-crypto/2.0.0/kerb-crypto-2.0.0.jar:/Users/dylan/environment/repo/commons-io/commons-io/2.6/commons-io-2.6.jar:/Users/dylan/environment/repo/org/apache/kerby/kerb-util/2.0.0/kerb-util-2.0.0.jar:/Users/dylan/environment/repo/org/apache/kerby/token-provider/2.0.0/token-provider-2.0.0.jar:/Users/dylan/environment/repo/com/nimbusds/nimbus-jose-jwt/4.41.2/nimbus-jose-jwt-4.41.2.jar:/Users/dylan/environment/repo/com/github/stephenc/jcip/jcip-annotations/1.0-1/jcip-annotations-1.0-1.jar:/Users/dylan/environment/repo/net/minidev/json-smart/2.3/json-smart-2.3.jar:/Users/dylan/environment/repo/net/minidev/accessors-smart/1.2/accessors-smart-1.2.jar:/Users/dylan/environment/repo/org/ow2/asm/asm/5.0.4/asm-5.0.4.jar:/Users/dylan/environment/repo/org/apache/kerby/kerb-admin/2.0.0/kerb-admin-2.0.0.jar:/Users/dylan/environment/repo/org/apache/kerby/kerb-server/2.0.0/kerb-server-2.0.0.jar:/Users/dylan/environment/repo/org/apache/kerby/kerb-identity/2.0.0/kerb-identity-2.0.0.jar:/Users/dylan/environment/repo/org/apache/kerby/kerby-xdr/2.0.0/kerby-xdr-2.0.0.jar:/Users/dylan/environment/repo/org/apache/kerby/kerby-config/2.0.0/kerby-config-2.0.0.jar:/Users/dylan/environment/repo/org/mockito/mockito-core/2.27.0/mockito-core-2.27.0.jar:/Users/dylan/environment/repo/net/bytebuddy/byte-buddy/1.9.10/byte-buddy-1.9.10.jar:/Users/dylan/environment/repo/net/bytebuddy/byte-buddy-agent/1.9.10/byte-buddy-agent-1.9.10.jar:/Users/dylan/environment/repo/org/objenesis/objenesis/2.6/objenesis-2.6.jar:/Users/dylan/environment/repo/org/jmockit/jmockit/1.48/jmockit-1.48.jar:/Users/dylan/environment/repo/junit/junit/4.12/junit-4.12.jar:/Users/dylan/environment/repo/org/hamcrest/hamcrest-core/1.3/hamcrest-core-1.3.jar:/Users/dylan/environment/repo/org/xerial/snappy/snappy-java/1.1.7/snappy-java-1.1.7.jar:"/>
    <property name="sun.cpu.endian" value="little"/>
    <property name="user.home" value="/Users/dylan"/>
    <property name="user.language" value="zh"/>
    <property name="java.specification.vendor" value="Oracle Corporation"/>
    <property name="idea.version2019.2.2" value="true"/>
    <property name="java.home" value="/Library/Java/JavaVirtualMachines/jdk8.jdk/Contents/Home/jre"/>
    <property name="zookeeper.DigestAuthenticationProvider.superDigest" value="super:D/InIHSb7yEEbrWz8b9l71RjZJU="/>
    <property name="basedir" value="/Users/dylan/IdeaProjects/openSource/zookeeper-vip2/zookeeper-server"/>
    <property name="file.separator" value="/"/>
    <property name="line.separator" value="&#10;"/>
    <property name="java.vm.specification.vendor" value="Oracle Corporation"/>
    <property name="java.specification.name" value="Java Platform API Specification"/>
    <property name="java.awt.graphicsenv" value="sun.awt.CGraphicsEnvironment"/>
    <property name="test.junit.threads" value="8"/>
    <property name="surefire.real.class.path" value="/Users/dylan/IdeaProjects/openSource/zookeeper-vip2/zookeeper-server/target/surefire/surefirebooter4711608045780421019.jar:/Users/dylan/environment/repo/org/jmockit/jmockit/1.48/jmockit-1.48.jar"/>
    <property name="zookeeper.junit.threadid" value="4"/>
    <property name="sun.boot.class.path" value="/Library/Java/JavaVirtualMachines/jdk8.jdk/Contents/Home/jre/lib/resources.jar:/Library/Java/JavaVirtualMachines/jdk8.jdk/Contents/Home/jre/lib/rt.jar:/Library/Java/JavaVirtualMachines/jdk8.jdk/Contents/Home/jre/lib/sunrsasign.jar:/Library/Java/JavaVirtualMachines/jdk8.jdk/Contents/Home/jre/lib/jsse.jar:/Library/Java/JavaVirtualMachines/jdk8.jdk/Contents/Home/jre/lib/jce.jar:/Library/Java/JavaVirtualMachines/jdk8.jdk/Contents/Home/jre/lib/charsets.jar:/Library/Java/JavaVirtualMachines/jdk8.jdk/Contents/Home/jre/lib/jfr.jar:/Library/Java/JavaVirtualMachines/jdk8.jdk/Contents/Home/jre/classes"/>
    <property name="sun.management.compiler" value="HotSpot 64-Bit Tiered Compilers"/>
    <property name="java.runtime.version" value="1.8.0_181-b13"/>
    <property name="user.name" value="dylan"/>
    <property name="path.separator" value=":"/>
    <property name="os.version" value="10.13.6"/>
    <property name="java.endorsed.dirs" value="/Library/Java/JavaVirtualMachines/jdk8.jdk/Contents/Home/jre/lib/endorsed"/>
    <property name="java.runtime.name" value="Java(TM) SE Runtime Environment"/>
    <property name="file.encoding" value="US-ASCII"/>
    <property name="java.vm.name" value="Java HotSpot(TM) 64-Bit Server VM"/>
    <property name="localRepository" value="/Users/dylan/environment/repo"/>
    <property name="java.vendor.url.bug" value="http://bugreport.sun.com/bugreport/"/>
    <property name="java.io.tmpdir" value="/var/folders/ff/jrkzw6gx39jd5s2rmrzy1tc00000gn/T/"/>
    <property name="java.version" value="1.8.0_181"/>
    <property name="user.dir" value="/Users/dylan/IdeaProjects/openSource/zookeeper-vip2/zookeeper-server"/>
    <property name="os.arch" value="x86_64"/>
    <property name="java.vm.specification.name" value="Java Virtual Machine Specification"/>
    <property name="java.awt.printerjob" value="sun.lwawt.macosx.CPrinterJob"/>
    <property name="sun.os.patch.level" value="unknown"/>
    <property name="java.library.path" value="/Users/dylan/Library/Java/Extensions:/Library/Java/Extensions:/Network/Library/Java/Extensions:/System/Library/Java/Extensions:/usr/lib/java:."/>
    <property name="java.vm.info" value="mixed mode"/>
    <property name="java.vendor" value="Oracle Corporation"/>
    <property name="java.vm.version" value="25.181-b13"/>
    <property name="java.ext.dirs" value="/Users/dylan/Library/Java/Extensions:/Library/Java/JavaVirtualMachines/jdk8.jdk/Contents/Home/jre/lib/ext:/Library/Java/Extensions:/Network/Library/Java/Extensions:/System/Library/Java/Extensions:/usr/lib/java"/>
    <property name="sun.io.unicode.encoding" value="UnicodeBig"/>
    <property name="maven.repo.local" value="/Users/dylan/environment/repo"/>
    <property name="java.class.version" value="52.0"/>
  </properties>
  <testcase name="testDeprecatedCodeOkInSwitch" classname="org.apache.zookeeper.test.KeeperStateTest" time="0.038"/>
  <testcase name="testCodeOKInSwitch" classname="org.apache.zookeeper.test.KeeperStateTest" time="0.005"/>
  <testcase name="testIntConversion" classname="org.apache.zookeeper.test.KeeperStateTest" time="0.002"/>
  <testcase name="testInvalidIntConversion" classname="org.apache.zookeeper.test.KeeperStateTest" time="0.001"/>
</testsuite>